<?xml version="1.0" encoding="UTF-8"?>
<!-- Generated by org.testng.reporters.JUnitReportReporter -->
<testsuite hostname="DESKTOP-5NEEPGF" failures="0" tests="1" name="com.comcast.crm.contacttest.SampleTest" time="6.266" errors="0" timestamp="27 Jun 2024 03:11:09 GMT" skipped="0">
  <testcase classname="com.comcast.crm.contacttest.SampleTest" name="createConTactTest" time="6.266"/>
</testsuite> <!-- com.comcast.crm.contacttest.SampleTest -->
