<?xml version="1.0" encoding="UTF-8"?>
<!-- Generated by org.testng.reporters.JUnitReportReporter -->
<testsuite hostname="DESKTOP-5NEEPGF" failures="0" tests="1" name="Org.OrgCreateWithType" time="26.036" errors="0" timestamp="27 Jun 2024 15:59:27 GMT" skipped="0">
  <testcase classname="Org.OrgCreateWithType" name="sampleTest" time="26.036"/>
</testsuite> <!-- Org.OrgCreateWithType -->
