<?xml version="1.0" encoding="UTF-8"?>
<!-- Generated by org.testng.reporters.JUnitReportReporter -->
<testsuite hostname="DESKTOP-5NEEPGF" failures="0" tests="1" name="Org.CreateOrgWithName" time="30.139" errors="0" timestamp="27 Jun 2024 15:23:30 GMT" skipped="0">
  <testcase classname="Org.CreateOrgWithName" name="sampleTest" time="30.139"/>
</testsuite> <!-- Org.CreateOrgWithName -->
